<?xml version="1.0" encoding="UTF-8"?>
<!-- Generated by org.testng.reporters.JUnitReportReporter -->
<testsuite hostname="DESKTOP-1O34NV6" failures="0" tests="1" name="myfiles.TestJava" time="0.008" errors="0" timestamp="2024-04-13T20:36:44 IST" skipped="0">
  <testcase classname="myfiles.TestJava" name="GHI" time="0.008"/>
  <system-out/>
</testsuite> <!-- myfiles.TestJava -->
